[ 2018-05-02T15:41:02+08:00 ] ::1 /tp2018.4.24test/
INFO: [ app_init ] --START--
INFO: Run Behavior\BuildLiteBehavior [ RunTime:0.000008s ]
INFO: [ app_init ] --END-- [ RunTime:0.038307s ]

[ 2018-05-02T15:41:02+08:00 ] ::1 /tp2018.4.24test/index.php/Home/Index/yzm
INFO: [ app_init ] --START--
INFO: Run Behavior\BuildLiteBehavior [ RunTime:0.000005s ]
INFO: [ app_init ] --END-- [ RunTime:0.000244s ]

[ 2018-05-02T15:41:10+08:00 ] ::1 /tp2018.4.24test/index.php/Home/Index/Clicklogin
INFO: [ app_init ] --START--
INFO: Run Behavior\BuildLiteBehavior [ RunTime:0.000005s ]
INFO: [ app_init ] --END-- [ RunTime:0.000210s ]

[ 2018-05-02T15:41:13+08:00 ] ::1 /tp2018.4.24test/index.php/Home/Index/index
INFO: [ app_init ] --START--
INFO: Run Behavior\BuildLiteBehavior [ RunTime:0.000006s ]
INFO: [ app_init ] --END-- [ RunTime:0.000272s ]

[ 2018-05-02T15:41:27+08:00 ] ::1 /tp2018.4.24test/index.php/Home/Index/books
INFO: [ app_init ] --START--
INFO: Run Behavior\BuildLiteBehavior [ RunTime:0.000023s ]
INFO: [ app_init ] --END-- [ RunTime:0.000715s ]

[ 2018-05-02T15:41:31+08:00 ] ::1 /tp2018.4.24test/index.php/Home/Index/sys
INFO: [ app_init ] --START--
INFO: Run Behavior\BuildLiteBehavior [ RunTime:0.000005s ]
INFO: [ app_init ] --END-- [ RunTime:0.000205s ]

[ 2018-05-02T15:41:34+08:00 ] ::1 /tp2018.4.24test/index.php/Home/Index/books
INFO: [ app_init ] --START--
INFO: Run Behavior\BuildLiteBehavior [ RunTime:0.000006s ]
INFO: [ app_init ] --END-- [ RunTime:0.000221s ]

[ 2018-05-02T15:42:57+08:00 ] ::1 /tp2018.4.24test/index.php/Home/Index/index
INFO: [ app_init ] --START--
INFO: Run Behavior\BuildLiteBehavior [ RunTime:0.000005s ]
INFO: [ app_init ] --END-- [ RunTime:0.000277s ]

[ 2018-05-02T15:43:09+08:00 ] ::1 /tp2018.4.24test/index.php/Home/Index/index
INFO: [ app_init ] --START--
INFO: Run Behavior\BuildLiteBehavior [ RunTime:0.000009s ]
INFO: [ app_init ] --END-- [ RunTime:0.000248s ]

[ 2018-05-02T15:43:21+08:00 ] ::1 /tp2018.4.24test/index.php/Home/Index/index
INFO: [ app_init ] --START--
INFO: Run Behavior\BuildLiteBehavior [ RunTime:0.000004s ]
INFO: [ app_init ] --END-- [ RunTime:0.000216s ]

[ 2018-05-02T15:43:26+08:00 ] ::1 /tp2018.4.24test/index.php/Home/Index/index
INFO: [ app_init ] --START--
INFO: Run Behavior\BuildLiteBehavior [ RunTime:0.000006s ]
INFO: [ app_init ] --END-- [ RunTime:0.000273s ]

[ 2018-05-02T15:43:46+08:00 ] ::1 /tp2018.4.24test/index.php/Home/Index/index
INFO: [ app_init ] --START--
INFO: Run Behavior\BuildLiteBehavior [ RunTime:0.000005s ]
INFO: [ app_init ] --END-- [ RunTime:0.000250s ]

[ 2018-05-02T15:43:58+08:00 ] ::1 /tp2018.4.24test/index.php/Home/Index/index
INFO: [ app_init ] --START--
INFO: Run Behavior\BuildLiteBehavior [ RunTime:0.000005s ]
INFO: [ app_init ] --END-- [ RunTime:0.000219s ]

[ 2018-05-02T15:44:10+08:00 ] ::1 /tp2018.4.24test/index.php/Home/Index/index
INFO: [ app_init ] --START--
INFO: Run Behavior\BuildLiteBehavior [ RunTime:0.000005s ]
INFO: [ app_init ] --END-- [ RunTime:0.000209s ]

[ 2018-05-02T15:44:26+08:00 ] ::1 /tp2018.4.24test/index.php/Home/Index/index
INFO: [ app_init ] --START--
INFO: Run Behavior\BuildLiteBehavior [ RunTime:0.000011s ]
INFO: [ app_init ] --END-- [ RunTime:0.000329s ]

[ 2018-05-02T15:44:46+08:00 ] ::1 /tp2018.4.24test/index.php/Home/Index/index
INFO: [ app_init ] --START--
INFO: Run Behavior\BuildLiteBehavior [ RunTime:0.000007s ]
INFO: [ app_init ] --END-- [ RunTime:0.000304s ]

[ 2018-05-02T15:44:54+08:00 ] ::1 /tp2018.4.24test/index.php/Home/Index/index
INFO: [ app_init ] --START--
INFO: Run Behavior\BuildLiteBehavior [ RunTime:0.000004s ]
INFO: [ app_init ] --END-- [ RunTime:0.000211s ]

[ 2018-05-02T15:46:07+08:00 ] ::1 /tp2018.4.24test/index.php/Home/Index/index
INFO: [ app_init ] --START--
INFO: Run Behavior\BuildLiteBehavior [ RunTime:0.000009s ]
INFO: [ app_init ] --END-- [ RunTime:0.000380s ]

[ 2018-05-02T15:46:12+08:00 ] ::1 /tp2018.4.24test/index.php/Home/Index/index
INFO: [ app_init ] --START--
INFO: Run Behavior\BuildLiteBehavior [ RunTime:0.000006s ]
INFO: [ app_init ] --END-- [ RunTime:0.000300s ]

[ 2018-05-02T15:46:33+08:00 ] ::1 /tp2018.4.24test/index.php/Home/Index/index
INFO: [ app_init ] --START--
INFO: Run Behavior\BuildLiteBehavior [ RunTime:0.000011s ]
INFO: [ app_init ] --END-- [ RunTime:0.000492s ]

[ 2018-05-02T15:47:58+08:00 ] ::1 /tp2018.4.24test/index.php/Home/Index/index
INFO: [ app_init ] --START--
INFO: Run Behavior\BuildLiteBehavior [ RunTime:0.000006s ]
INFO: [ app_init ] --END-- [ RunTime:0.000212s ]

[ 2018-05-02T15:48:10+08:00 ] ::1 /tp2018.4.24test/index.php/Home/Index/index
INFO: [ app_init ] --START--
INFO: Run Behavior\BuildLiteBehavior [ RunTime:0.000005s ]
INFO: [ app_init ] --END-- [ RunTime:0.000253s ]

[ 2018-05-02T15:48:20+08:00 ] ::1 /tp2018.4.24test/index.php/Home/Index/index
INFO: [ app_init ] --START--
INFO: Run Behavior\BuildLiteBehavior [ RunTime:0.000007s ]
INFO: [ app_init ] --END-- [ RunTime:0.000345s ]

[ 2018-05-02T15:52:07+08:00 ] ::1 /tp2018.4.24test/index.php/Home/Index/index
INFO: [ app_init ] --START--
INFO: Run Behavior\BuildLiteBehavior [ RunTime:0.000006s ]
INFO: [ app_init ] --END-- [ RunTime:0.000293s ]

[ 2018-05-02T15:52:08+08:00 ] ::1 /tp2018.4.24test/index.php/Home/Index/books
INFO: [ app_init ] --START--
INFO: Run Behavior\BuildLiteBehavior [ RunTime:0.000005s ]
INFO: [ app_init ] --END-- [ RunTime:0.000217s ]

[ 2018-05-02T15:52:11+08:00 ] ::1 /tp2018.4.24test/index.php/Home/Index/books/p/2.shtml
INFO: [ app_init ] --START--
INFO: Run Behavior\BuildLiteBehavior [ RunTime:0.000005s ]
INFO: [ app_init ] --END-- [ RunTime:0.000205s ]

[ 2018-05-02T15:52:12+08:00 ] ::1 /tp2018.4.24test/index.php/Home/Index/books/p/3.shtml
INFO: [ app_init ] --START--
INFO: Run Behavior\BuildLiteBehavior [ RunTime:0.000004s ]
INFO: [ app_init ] --END-- [ RunTime:0.000204s ]

[ 2018-05-02T15:52:15+08:00 ] ::1 /tp2018.4.24test/index.php/Home/Index/books/p/2.shtml
INFO: [ app_init ] --START--
INFO: Run Behavior\BuildLiteBehavior [ RunTime:0.000005s ]
INFO: [ app_init ] --END-- [ RunTime:0.000215s ]

[ 2018-05-02T15:52:16+08:00 ] ::1 /tp2018.4.24test/index.php/Home/Index/books/p/3.shtml
INFO: [ app_init ] --START--
INFO: Run Behavior\BuildLiteBehavior [ RunTime:0.000007s ]
INFO: [ app_init ] --END-- [ RunTime:0.000429s ]

[ 2018-05-02T15:52:19+08:00 ] ::1 /tp2018.4.24test/index.php/Home/Index/books_exe
INFO: [ app_init ] --START--
INFO: Run Behavior\BuildLiteBehavior [ RunTime:0.000007s ]
INFO: [ app_init ] --END-- [ RunTime:0.000289s ]

[ 2018-05-02T15:52:22+08:00 ] ::1 /tp2018.4.24test/index.php/Home/Index/books/p/3.shtml
INFO: [ app_init ] --START--
INFO: Run Behavior\BuildLiteBehavior [ RunTime:0.000004s ]
INFO: [ app_init ] --END-- [ RunTime:0.000219s ]

[ 2018-05-02T15:56:59+08:00 ] ::1 /tp2018.4.24test/index.php/Home/Index/addbooks
INFO: [ app_init ] --START--
INFO: Run Behavior\BuildLiteBehavior [ RunTime:0.000007s ]
INFO: [ app_init ] --END-- [ RunTime:0.000322s ]

[ 2018-05-02T15:57:03+08:00 ] ::1 /tp2018.4.24test/index.php/Home/Index/addbooks_exe
INFO: [ app_init ] --START--
INFO: Run Behavior\BuildLiteBehavior [ RunTime:0.000005s ]
INFO: [ app_init ] --END-- [ RunTime:0.000207s ]

[ 2018-05-02T15:57:04+08:00 ] ::1 /tp2018.4.24test/index.php/Home/Index/books
INFO: [ app_init ] --START--
INFO: Run Behavior\BuildLiteBehavior [ RunTime:0.000005s ]
INFO: [ app_init ] --END-- [ RunTime:0.000209s ]

[ 2018-05-02T15:57:06+08:00 ] ::1 /tp2018.4.24test/index.php/Home/Index/books/p/3.shtml
INFO: [ app_init ] --START--
INFO: Run Behavior\BuildLiteBehavior [ RunTime:0.000005s ]
INFO: [ app_init ] --END-- [ RunTime:0.000247s ]

[ 2018-05-02T15:57:10+08:00 ] ::1 /tp2018.4.24test/index.php/Home/Index/books_exe
INFO: [ app_init ] --START--
INFO: Run Behavior\BuildLiteBehavior [ RunTime:0.000006s ]
INFO: [ app_init ] --END-- [ RunTime:0.000293s ]

[ 2018-05-02T15:57:11+08:00 ] ::1 /tp2018.4.24test/index.php/Home/Index/self.location=document.referrer;
INFO: [ app_init ] --START--
INFO: Run Behavior\BuildLiteBehavior [ RunTime:0.000005s ]
INFO: [ app_init ] --END-- [ RunTime:0.000206s ]
ERR: 非法操作:self.location=document.referrer;

[ 2018-05-02T15:57:49+08:00 ] ::1 /tp2018.4.24test/index.php/Home/Index/self.location=document.referrer;
INFO: [ app_init ] --START--
INFO: Run Behavior\BuildLiteBehavior [ RunTime:0.000004s ]
INFO: [ app_init ] --END-- [ RunTime:0.000206s ]
ERR: 非法操作:self.location=document.referrer;

[ 2018-05-02T15:57:52+08:00 ] ::1 /tp2018.4.24test/index.php/Home/Index/self.location=document.referrer;
INFO: [ app_init ] --START--
INFO: Run Behavior\BuildLiteBehavior [ RunTime:0.000006s ]
INFO: [ app_init ] --END-- [ RunTime:0.000264s ]
ERR: 非法操作:self.location=document.referrer;

[ 2018-05-02T15:57:54+08:00 ] ::1 /tp2018.4.24test/index.php/Home/Index/books/p/3.shtml
INFO: [ app_init ] --START--
INFO: Run Behavior\BuildLiteBehavior [ RunTime:0.000006s ]
INFO: [ app_init ] --END-- [ RunTime:0.000291s ]

[ 2018-05-02T15:57:55+08:00 ] ::1 /tp2018.4.24test/index.php/Home/Index/books/p/3.shtml
INFO: [ app_init ] --START--
INFO: Run Behavior\BuildLiteBehavior [ RunTime:0.000005s ]
INFO: [ app_init ] --END-- [ RunTime:0.000276s ]

[ 2018-05-02T15:57:55+08:00 ] ::1 /tp2018.4.24test/index.php/Home/Index/books/p/3.shtml
INFO: [ app_init ] --START--
INFO: Run Behavior\BuildLiteBehavior [ RunTime:0.000007s ]
INFO: [ app_init ] --END-- [ RunTime:0.000317s ]

[ 2018-05-02T15:57:59+08:00 ] ::1 /tp2018.4.24test/index.php/Home/Index/books_exe
INFO: [ app_init ] --START--
INFO: Run Behavior\BuildLiteBehavior [ RunTime:0.000005s ]
INFO: [ app_init ] --END-- [ RunTime:0.000207s ]

[ 2018-05-02T15:58:12+08:00 ] ::1 /tp2018.4.24test/index.php/Home/Index/books/p/3.shtml
INFO: [ app_init ] --START--
INFO: Run Behavior\BuildLiteBehavior [ RunTime:0.000005s ]
INFO: [ app_init ] --END-- [ RunTime:0.000225s ]

[ 2018-05-02T15:59:43+08:00 ] ::1 /tp2018.4.24test/index.php/Home/Index/books
INFO: [ app_init ] --START--
INFO: Run Behavior\BuildLiteBehavior [ RunTime:0.000008s ]
INFO: [ app_init ] --END-- [ RunTime:0.000393s ]

[ 2018-05-02T15:59:44+08:00 ] ::1 /tp2018.4.24test/index.php/Home/Index/addbooks
INFO: [ app_init ] --START--
INFO: Run Behavior\BuildLiteBehavior [ RunTime:0.000006s ]
INFO: [ app_init ] --END-- [ RunTime:0.000232s ]

[ 2018-05-02T15:59:46+08:00 ] ::1 /tp2018.4.24test/index.php/Home/Index/addbooks_exe
INFO: [ app_init ] --START--
INFO: Run Behavior\BuildLiteBehavior [ RunTime:0.000005s ]
INFO: [ app_init ] --END-- [ RunTime:0.000243s ]

[ 2018-05-02T15:59:47+08:00 ] ::1 /tp2018.4.24test/index.php/Home/Index/books
INFO: [ app_init ] --START--
INFO: Run Behavior\BuildLiteBehavior [ RunTime:0.000005s ]
INFO: [ app_init ] --END-- [ RunTime:0.000211s ]

[ 2018-05-02T15:59:49+08:00 ] ::1 /tp2018.4.24test/index.php/Home/Index/books/p/3.shtml
INFO: [ app_init ] --START--
INFO: Run Behavior\BuildLiteBehavior [ RunTime:0.000005s ]
INFO: [ app_init ] --END-- [ RunTime:0.000210s ]

[ 2018-05-02T15:59:53+08:00 ] ::1 /tp2018.4.24test/index.php/Home/Index/books_exe
INFO: [ app_init ] --START--
INFO: Run Behavior\BuildLiteBehavior [ RunTime:0.000005s ]
INFO: [ app_init ] --END-- [ RunTime:0.000207s ]

[ 2018-05-02T15:59:54+08:00 ] ::1 /tp2018.4.24test/index.php/Home/Index/%3Cscript%20type=
INFO: [ app_init ] --START--
INFO: Run Behavior\BuildLiteBehavior [ RunTime:0.000005s ]
INFO: [ app_init ] --END-- [ RunTime:0.000211s ]
ERR: 非法操作:

[ 2018-05-02T16:02:09+08:00 ] ::1 /tp2018.4.24test/index.php/Home/Index/%3Cscript%20type=
INFO: [ app_init ] --START--
INFO: Run Behavior\BuildLiteBehavior [ RunTime:0.000006s ]
INFO: [ app_init ] --END-- [ RunTime:0.000308s ]
ERR: 非法操作:

[ 2018-05-02T16:02:13+08:00 ] ::1 /tp2018.4.24test/index.php/Home/Index/%3Cscript%20type=
INFO: [ app_init ] --START--
INFO: Run Behavior\BuildLiteBehavior [ RunTime:0.000006s ]
INFO: [ app_init ] --END-- [ RunTime:0.000274s ]
ERR: 非法操作:

[ 2018-05-02T16:02:14+08:00 ] ::1 /tp2018.4.24test/index.php/Home/Index/%3Cscript%20type=
INFO: [ app_init ] --START--
INFO: Run Behavior\BuildLiteBehavior [ RunTime:0.000007s ]
INFO: [ app_init ] --END-- [ RunTime:0.000238s ]
ERR: 非法操作:

[ 2018-05-02T16:02:17+08:00 ] ::1 /tp2018.4.24test/index.php/Home/Index/books/p/3.shtml
INFO: [ app_init ] --START--
INFO: Run Behavior\BuildLiteBehavior [ RunTime:0.000014s ]
INFO: [ app_init ] --END-- [ RunTime:0.000314s ]

[ 2018-05-02T16:02:19+08:00 ] ::1 /tp2018.4.24test/index.php/Home/Index/addbooks
INFO: [ app_init ] --START--
INFO: Run Behavior\BuildLiteBehavior [ RunTime:0.000006s ]
INFO: [ app_init ] --END-- [ RunTime:0.000243s ]

[ 2018-05-02T16:02:21+08:00 ] ::1 /tp2018.4.24test/index.php/Home/Index/addbooks_exe
INFO: [ app_init ] --START--
INFO: Run Behavior\BuildLiteBehavior [ RunTime:0.000007s ]
INFO: [ app_init ] --END-- [ RunTime:0.000319s ]

[ 2018-05-02T16:02:23+08:00 ] ::1 /tp2018.4.24test/index.php/Home/Index/books
INFO: [ app_init ] --START--
INFO: Run Behavior\BuildLiteBehavior [ RunTime:0.000006s ]
INFO: [ app_init ] --END-- [ RunTime:0.000296s ]

[ 2018-05-02T16:02:24+08:00 ] ::1 /tp2018.4.24test/index.php/Home/Index/books/p/3.shtml
INFO: [ app_init ] --START--
INFO: Run Behavior\BuildLiteBehavior [ RunTime:0.000007s ]
INFO: [ app_init ] --END-- [ RunTime:0.000279s ]

[ 2018-05-02T16:02:28+08:00 ] ::1 /tp2018.4.24test/index.php/Home/Index/books_exe
INFO: [ app_init ] --START--
INFO: Run Behavior\BuildLiteBehavior [ RunTime:0.000005s ]
INFO: [ app_init ] --END-- [ RunTime:0.000217s ]

[ 2018-05-02T16:02:33+08:00 ] ::1 /tp2018.4.24test/index.php/Home/Index/books/p/3.shtml
INFO: [ app_init ] --START--
INFO: Run Behavior\BuildLiteBehavior [ RunTime:0.000006s ]
INFO: [ app_init ] --END-- [ RunTime:0.000219s ]

[ 2018-05-02T16:05:55+08:00 ] ::1 /tp2018.4.24test/index.php/Home/Index/books/p/3.shtml
INFO: [ app_init ] --START--
INFO: Run Behavior\BuildLiteBehavior [ RunTime:0.000006s ]
INFO: [ app_init ] --END-- [ RunTime:0.000306s ]

[ 2018-05-02T16:05:58+08:00 ] ::1 /tp2018.4.24test/index.php/Home/Index/books/p/3.shtml
INFO: [ app_init ] --START--
INFO: Run Behavior\BuildLiteBehavior [ RunTime:0.000005s ]
INFO: [ app_init ] --END-- [ RunTime:0.000265s ]

[ 2018-05-02T16:06:00+08:00 ] ::1 /tp2018.4.24test/index.php/Home/Index/books/p/1.shtml
INFO: [ app_init ] --START--
INFO: Run Behavior\BuildLiteBehavior [ RunTime:0.000006s ]
INFO: [ app_init ] --END-- [ RunTime:0.000295s ]

[ 2018-05-02T16:06:14+08:00 ] ::1 /tp2018.4.24test/index.php/Home/Index/books_exe
INFO: [ app_init ] --START--
INFO: Run Behavior\BuildLiteBehavior [ RunTime:0.000005s ]
INFO: [ app_init ] --END-- [ RunTime:0.000210s ]

[ 2018-05-02T16:06:15+08:00 ] ::1 /tp2018.4.24test/index.php/Home/Index/goxg
INFO: [ app_init ] --START--
INFO: Run Behavior\BuildLiteBehavior [ RunTime:0.000005s ]
INFO: [ app_init ] --END-- [ RunTime:0.000215s ]

[ 2018-05-02T16:06:18+08:00 ] ::1 /tp2018.4.24test/index.php/Home/Index/books
INFO: [ app_init ] --START--
INFO: Run Behavior\BuildLiteBehavior [ RunTime:0.000004s ]
INFO: [ app_init ] --END-- [ RunTime:0.000207s ]

[ 2018-05-02T16:06:20+08:00 ] ::1 /tp2018.4.24test/index.php/Home/Index/books_exe
INFO: [ app_init ] --START--
INFO: Run Behavior\BuildLiteBehavior [ RunTime:0.000007s ]
INFO: [ app_init ] --END-- [ RunTime:0.000280s ]

[ 2018-05-02T16:06:24+08:00 ] ::1 /tp2018.4.24test/index.php/Home/Index/books/p/2.shtml
INFO: [ app_init ] --START--
INFO: Run Behavior\BuildLiteBehavior [ RunTime:0.000005s ]
INFO: [ app_init ] --END-- [ RunTime:0.000209s ]

[ 2018-05-02T16:06:26+08:00 ] ::1 /tp2018.4.24test/index.php/Home/Index/addbooks
INFO: [ app_init ] --START--
INFO: Run Behavior\BuildLiteBehavior [ RunTime:0.000049s ]
INFO: [ app_init ] --END-- [ RunTime:0.001335s ]

[ 2018-05-02T16:06:29+08:00 ] ::1 /tp2018.4.24test/index.php/Home/Index/addbooks_exe
INFO: [ app_init ] --START--
INFO: Run Behavior\BuildLiteBehavior [ RunTime:0.000005s ]
INFO: [ app_init ] --END-- [ RunTime:0.000213s ]

[ 2018-05-02T16:06:30+08:00 ] ::1 /tp2018.4.24test/index.php/Home/Index/books
INFO: [ app_init ] --START--
INFO: Run Behavior\BuildLiteBehavior [ RunTime:0.000005s ]
INFO: [ app_init ] --END-- [ RunTime:0.000212s ]

[ 2018-05-02T16:06:32+08:00 ] ::1 /tp2018.4.24test/index.php/Home/Index/books/p/3.shtml
INFO: [ app_init ] --START--
INFO: Run Behavior\BuildLiteBehavior [ RunTime:0.000005s ]
INFO: [ app_init ] --END-- [ RunTime:0.000204s ]

[ 2018-05-02T16:06:34+08:00 ] ::1 /tp2018.4.24test/index.php/Home/Index/books_exe
INFO: [ app_init ] --START--
INFO: Run Behavior\BuildLiteBehavior [ RunTime:0.000007s ]
INFO: [ app_init ] --END-- [ RunTime:0.000291s ]

[ 2018-05-02T16:06:58+08:00 ] ::1 /tp2018.4.24test/index.php/Home/Index/books_exe
INFO: [ app_init ] --START--
INFO: Run Behavior\BuildLiteBehavior [ RunTime:0.000005s ]
INFO: [ app_init ] --END-- [ RunTime:0.000211s ]

[ 2018-05-02T16:07:01+08:00 ] ::1 /tp2018.4.24test/index.php/Home/Index/goxg
INFO: [ app_init ] --START--
INFO: Run Behavior\BuildLiteBehavior [ RunTime:0.000006s ]
INFO: [ app_init ] --END-- [ RunTime:0.000264s ]

[ 2018-05-02T16:09:02+08:00 ] ::1 /tp2018.4.24test/index.php/Home/Index/userdata
INFO: [ app_init ] --START--
INFO: Run Behavior\BuildLiteBehavior [ RunTime:0.000005s ]
INFO: [ app_init ] --END-- [ RunTime:0.000241s ]
ERR: syntax error, unexpected '';'' (T_CONSTANT_ENCAPSED_STRING), expecting ',' or ')'

[ 2018-05-02T16:09:19+08:00 ] ::1 /tp2018.4.24test/index.php/Home/Index/userdata
INFO: [ app_init ] --START--
INFO: Run Behavior\BuildLiteBehavior [ RunTime:0.000006s ]
INFO: [ app_init ] --END-- [ RunTime:0.000287s ]

[ 2018-05-02T16:09:20+08:00 ] ::1 /tp2018.4.24test/index.php/Home/Index/xguserdata
INFO: [ app_init ] --START--
INFO: Run Behavior\BuildLiteBehavior [ RunTime:0.000012s ]
INFO: [ app_init ] --END-- [ RunTime:0.000297s ]

[ 2018-05-02T16:10:47+08:00 ] ::1 /tp2018.4.24test/index.php/Home/Index/xguserdata
INFO: [ app_init ] --START--
INFO: Run Behavior\BuildLiteBehavior [ RunTime:0.000007s ]
INFO: [ app_init ] --END-- [ RunTime:0.000230s ]

[ 2018-05-02T16:10:50+08:00 ] ::1 /tp2018.4.24test/index.php/Home/Index/books
INFO: [ app_init ] --START--
INFO: Run Behavior\BuildLiteBehavior [ RunTime:0.000006s ]
INFO: [ app_init ] --END-- [ RunTime:0.000269s ]

[ 2018-05-02T16:10:52+08:00 ] ::1 /tp2018.4.24test/index.php/Home/Index/books_exe
INFO: [ app_init ] --START--
INFO: Run Behavior\BuildLiteBehavior [ RunTime:0.000007s ]
INFO: [ app_init ] --END-- [ RunTime:0.000299s ]

[ 2018-05-02T16:11:00+08:00 ] ::1 /tp2018.4.24test/index.php/Home/Index/books/p/3.shtml
INFO: [ app_init ] --START--
INFO: Run Behavior\BuildLiteBehavior [ RunTime:0.000007s ]
INFO: [ app_init ] --END-- [ RunTime:0.000278s ]

[ 2018-05-02T16:11:03+08:00 ] ::1 /tp2018.4.24test/index.php/Home/Index/books_exe
INFO: [ app_init ] --START--
INFO: Run Behavior\BuildLiteBehavior [ RunTime:0.000005s ]
INFO: [ app_init ] --END-- [ RunTime:0.000258s ]

[ 2018-05-02T16:11:10+08:00 ] ::1 /tp2018.4.24test/index.php/Home/Index/xgbooksdata_exe
INFO: [ app_init ] --START--
INFO: Run Behavior\BuildLiteBehavior [ RunTime:0.000007s ]
INFO: [ app_init ] --END-- [ RunTime:0.000276s ]

[ 2018-05-02T16:11:15+08:00 ] ::1 /tp2018.4.24test/index.php/Home/Index/books/p/3.shtml
INFO: [ app_init ] --START--
INFO: Run Behavior\BuildLiteBehavior [ RunTime:0.000008s ]
INFO: [ app_init ] --END-- [ RunTime:0.000343s ]

[ 2018-05-02T16:11:26+08:00 ] ::1 /tp2018.4.24test/index.php/Home/Index/books_exe
INFO: [ app_init ] --START--
INFO: Run Behavior\BuildLiteBehavior [ RunTime:0.000007s ]
INFO: [ app_init ] --END-- [ RunTime:0.000246s ]

[ 2018-05-02T16:15:27+08:00 ] ::1 /tp2018.4.24test/index.php/Home/Index/books_exe
INFO: [ app_init ] --START--
INFO: Run Behavior\BuildLiteBehavior [ RunTime:0.000006s ]
INFO: [ app_init ] --END-- [ RunTime:0.000259s ]

[ 2018-05-02T16:15:37+08:00 ] ::1 /tp2018.4.24test/index.php/Home/Index/xgbooksdata_exe
INFO: [ app_init ] --START--
INFO: Run Behavior\BuildLiteBehavior [ RunTime:0.000005s ]
INFO: [ app_init ] --END-- [ RunTime:0.000219s ]

[ 2018-05-02T16:15:56+08:00 ] ::1 /tp2018.4.24test/index.php/Home/Index/books_exe
INFO: [ app_init ] --START--
INFO: Run Behavior\BuildLiteBehavior [ RunTime:0.000005s ]
INFO: [ app_init ] --END-- [ RunTime:0.000207s ]

[ 2018-05-02T16:16:57+08:00 ] ::1 /tp2018.4.24test/index.php/Home/Index/books_exe
INFO: [ app_init ] --START--
INFO: Run Behavior\BuildLiteBehavior [ RunTime:0.000005s ]
INFO: [ app_init ] --END-- [ RunTime:0.000208s ]

[ 2018-05-02T16:17:08+08:00 ] ::1 /tp2018.4.24test/index.php/Home/Index/books_exe
INFO: [ app_init ] --START--
INFO: Run Behavior\BuildLiteBehavior [ RunTime:0.000009s ]
INFO: [ app_init ] --END-- [ RunTime:0.000227s ]

[ 2018-05-02T16:17:40+08:00 ] ::1 /tp2018.4.24test/index.php/Home/Index/books
INFO: [ app_init ] --START--
INFO: Run Behavior\BuildLiteBehavior [ RunTime:0.000005s ]
INFO: [ app_init ] --END-- [ RunTime:0.000255s ]

[ 2018-05-02T16:17:41+08:00 ] ::1 /tp2018.4.24test/index.php/Home/Index/books_exe
INFO: [ app_init ] --START--
INFO: Run Behavior\BuildLiteBehavior [ RunTime:0.000005s ]
INFO: [ app_init ] --END-- [ RunTime:0.000207s ]

[ 2018-05-02T16:19:13+08:00 ] ::1 /tp2018.4.24test/index.php/Home/Index/sys
INFO: [ app_init ] --START--
INFO: Run Behavior\BuildLiteBehavior [ RunTime:0.000005s ]
INFO: [ app_init ] --END-- [ RunTime:0.000207s ]

